<?xml version="1.0" encoding="UTF-8"?>
<!-- Generated by org.testng.reporters.JUnitReportReporter -->
<testsuite hostname="Oprekin-PC" name="Database_Testing.Data_Verification" tests="2" failures="0" timestamp="17 Jan 2020 07:20:00 GMT" time="0.391" errors="0">
  <testcase name="verifyData" time="0.045" classname="Database_Testing.Data_Verification"/>
  <testcase name="Connection" time="0.346" classname="Database_Testing.Data_Verification"/>
</testsuite> <!-- Database_Testing.Data_Verification -->
